==90263== Memcheck, a memory error detector
==90263== Copyright (C) 2002-2022, and GNU GPL'd, by Julian Seward et al.
==90263== Using Valgrind-3.22.0 and LibVEX; rerun with -h for copyright info
==90263== Command: ./minishell
==90263== Parent PID: 3272
==90263== 
==90263== 
==90263== HEAP SUMMARY:
==90263==     in use at exit: 236,533 bytes in 294 blocks
==90263==   total heap usage: 1,525 allocs, 1,231 frees, 310,729 bytes allocated
==90263== 
==90263== 5 bytes in 1 blocks are still reachable in loss record 1 of 77
==90263==    at 0x4846828: malloc (in /usr/libexec/valgrind/vgpreload_memcheck-amd64-linux.so)
==90263==    by 0x48AC0EC: xmalloc (in /usr/lib/x86_64-linux-gnu/libreadline.so.8.2)
==90263==    by 0x4888E37: readline_internal_teardown (in /usr/lib/x86_64-linux-gnu/libreadline.so.8.2)
==90263==    by 0x48938EA: readline (in /usr/lib/x86_64-linux-gnu/libreadline.so.8.2)
==90263==    by 0x11075A: reader (minishell.c:34)
==90263==    by 0x1109C0: main (minishell.c:130)
==90263== 
==90263== 8 bytes in 1 blocks are still reachable in loss record 2 of 77
==90263==    at 0x4846828: malloc (in /usr/libexec/valgrind/vgpreload_memcheck-amd64-linux.so)
==90263==    by 0x497935E: strdup (strdup.c:42)
==90263==    by 0x4AF6FE7: _nc_trim_sgr0 (in /usr/lib/x86_64-linux-gnu/libtinfo.so.6.4)
==90263==    by 0x4AF39B7: tgetent_sp (in /usr/lib/x86_64-linux-gnu/libtinfo.so.6.4)
==90263==    by 0x48A7CE4: _rl_init_terminal_io (in /usr/lib/x86_64-linux-gnu/libreadline.so.8.2)
==90263==    by 0x48935D7: rl_initialize (in /usr/lib/x86_64-linux-gnu/libreadline.so.8.2)
==90263==    by 0x4893896: readline (in /usr/lib/x86_64-linux-gnu/libreadline.so.8.2)
==90263==    by 0x11075A: reader (minishell.c:34)
==90263==    by 0x1109C0: main (minishell.c:130)
==90263== 
==90263== 8 bytes in 1 blocks are still reachable in loss record 3 of 77
==90263==    at 0x484DB80: realloc (in /usr/libexec/valgrind/vgpreload_memcheck-amd64-linux.so)
==90263==    by 0x48ACC81: xrealloc (in /usr/lib/x86_64-linux-gnu/libreadline.so.8.2)
==90263==    by 0x48983BE: ??? (in /usr/lib/x86_64-linux-gnu/libreadline.so.8.2)
==90263==    by 0x4898CCD: rl_expand_prompt (in /usr/lib/x86_64-linux-gnu/libreadline.so.8.2)
==90263==    by 0x488747F: rl_set_prompt (in /usr/lib/x86_64-linux-gnu/libreadline.so.8.2)
==90263==    by 0x4893891: readline (in /usr/lib/x86_64-linux-gnu/libreadline.so.8.2)
==90263==    by 0x11075A: reader (minishell.c:34)
==90263==    by 0x1109C0: main (minishell.c:130)
==90263== 
==90263== 9 bytes in 1 blocks are still reachable in loss record 4 of 77
==90263==    at 0x4846828: malloc (in /usr/libexec/valgrind/vgpreload_memcheck-amd64-linux.so)
==90263==    by 0x48AC0EC: xmalloc (in /usr/lib/x86_64-linux-gnu/libreadline.so.8.2)
==90263==    by 0x48A7919: _rl_reset_region_color (in /usr/lib/x86_64-linux-gnu/libreadline.so.8.2)
==90263==    by 0x48A7E6B: _rl_init_terminal_io (in /usr/lib/x86_64-linux-gnu/libreadline.so.8.2)
==90263==    by 0x48935D7: rl_initialize (in /usr/lib/x86_64-linux-gnu/libreadline.so.8.2)
==90263==    by 0x4893896: readline (in /usr/lib/x86_64-linux-gnu/libreadline.so.8.2)
==90263==    by 0x11075A: reader (minishell.c:34)
==90263==    by 0x1109C0: main (minishell.c:130)
==90263== 
==90263== 9 bytes in 1 blocks are definitely lost in loss record 5 of 77
==90263==    at 0x4846828: malloc (in /usr/libexec/valgrind/vgpreload_memcheck-amd64-linux.so)
==90263==    by 0x117814: ft_strdup (in /home/bleow/Coding/Core/minishell/minishell)
==90263==    by 0x116720: copy_env (builtin_unset_utils.c:26)
==90263==    by 0x1169E8: realloc_until_var (builtin_unset.c:68)
==90263==    by 0x116C64: modify_env (builtin_unset.c:172)
==90263==    by 0x11686E: builtin_unset (builtin_unset.c:36)
==90263==    by 0x10AA8B: execute_builtin (builtin.c:77)
==90263==    by 0x10C3D8: exec_cmd_node (execute.c:92)
==90263==    by 0x10C485: execute_cmd (execute.c:121)
==90263==    by 0x110920: process_command (minishell.c:102)
==90263==    by 0x10F1AB: handle_input (input_handlers.c:82)
==90263==    by 0x110A22: main (minishell.c:138)
==90263== 
==90263== 11 bytes in 1 blocks are still reachable in loss record 6 of 77
==90263==    at 0x4846828: malloc (in /usr/libexec/valgrind/vgpreload_memcheck-amd64-linux.so)
==90263==    by 0x48AC0EC: xmalloc (in /usr/lib/x86_64-linux-gnu/libreadline.so.8.2)
==90263==    by 0x48A7919: _rl_reset_region_color (in /usr/lib/x86_64-linux-gnu/libreadline.so.8.2)
==90263==    by 0x48A7E7C: _rl_init_terminal_io (in /usr/lib/x86_64-linux-gnu/libreadline.so.8.2)
==90263==    by 0x48935D7: rl_initialize (in /usr/lib/x86_64-linux-gnu/libreadline.so.8.2)
==90263==    by 0x4893896: readline (in /usr/lib/x86_64-linux-gnu/libreadline.so.8.2)
==90263==    by 0x11075A: reader (minishell.c:34)
==90263==    by 0x1109C0: main (minishell.c:130)
==90263== 
==90263== 12 bytes in 1 blocks are still reachable in loss record 7 of 77
==90263==    at 0x4846828: malloc (in /usr/libexec/valgrind/vgpreload_memcheck-amd64-linux.so)
==90263==    by 0x48AC0EC: xmalloc (in /usr/lib/x86_64-linux-gnu/libreadline.so.8.2)
==90263==    by 0x4887458: rl_set_prompt (in /usr/lib/x86_64-linux-gnu/libreadline.so.8.2)
==90263==    by 0x4893891: readline (in /usr/lib/x86_64-linux-gnu/libreadline.so.8.2)
==90263==    by 0x11075A: reader (minishell.c:34)
==90263==    by 0x1109C0: main (minishell.c:130)
==90263== 
==90263== 12 bytes in 1 blocks are still reachable in loss record 8 of 77
==90263==    at 0x4846828: malloc (in /usr/libexec/valgrind/vgpreload_memcheck-amd64-linux.so)
==90263==    by 0x497935E: strdup (strdup.c:42)
==90263==    by 0x4AE62D0: ??? (in /usr/lib/x86_64-linux-gnu/libtinfo.so.6.4)
==90263==    by 0x4AE8F9D: _nc_first_db (in /usr/lib/x86_64-linux-gnu/libtinfo.so.6.4)
==90263==    by 0x4AF7A8A: _nc_read_entry2 (in /usr/lib/x86_64-linux-gnu/libtinfo.so.6.4)
==90263==    by 0x4AF3135: ??? (in /usr/lib/x86_64-linux-gnu/libtinfo.so.6.4)
==90263==    by 0x4AF32C5: _nc_setupterm (in /usr/lib/x86_64-linux-gnu/libtinfo.so.6.4)
==90263==    by 0x4AF37D6: tgetent_sp (in /usr/lib/x86_64-linux-gnu/libtinfo.so.6.4)
==90263==    by 0x48A7CE4: _rl_init_terminal_io (in /usr/lib/x86_64-linux-gnu/libreadline.so.8.2)
==90263==    by 0x48935D7: rl_initialize (in /usr/lib/x86_64-linux-gnu/libreadline.so.8.2)
==90263==    by 0x4893896: readline (in /usr/lib/x86_64-linux-gnu/libreadline.so.8.2)
==90263==    by 0x11075A: reader (minishell.c:34)
==90263== 
==90263== 12 bytes in 1 blocks are still reachable in loss record 9 of 77
==90263==    at 0x4846828: malloc (in /usr/libexec/valgrind/vgpreload_memcheck-amd64-linux.so)
==90263==    by 0x48AC0EC: xmalloc (in /usr/lib/x86_64-linux-gnu/libreadline.so.8.2)
==90263==    by 0x4898389: ??? (in /usr/lib/x86_64-linux-gnu/libreadline.so.8.2)
==90263==    by 0x4898CCD: rl_expand_prompt (in /usr/lib/x86_64-linux-gnu/libreadline.so.8.2)
==90263==    by 0x488747F: rl_set_prompt (in /usr/lib/x86_64-linux-gnu/libreadline.so.8.2)
==90263==    by 0x4893891: readline (in /usr/lib/x86_64-linux-gnu/libreadline.so.8.2)
==90263==    by 0x11075A: reader (minishell.c:34)
==90263==    by 0x1109C0: main (minishell.c:130)
==90263== 
==90263== 12 bytes in 1 blocks are still reachable in loss record 10 of 77
==90263==    at 0x4846828: malloc (in /usr/libexec/valgrind/vgpreload_memcheck-amd64-linux.so)
==90263==    by 0x48AC0EC: xmalloc (in /usr/lib/x86_64-linux-gnu/libreadline.so.8.2)
==90263==    by 0x48A63EB: _rl_init_locale (in /usr/lib/x86_64-linux-gnu/libreadline.so.8.2)
==90263==    by 0x48A655C: _rl_reset_locale (in /usr/lib/x86_64-linux-gnu/libreadline.so.8.2)
==90263==    by 0x4893794: rl_initialize (in /usr/lib/x86_64-linux-gnu/libreadline.so.8.2)
==90263==    by 0x4893896: readline (in /usr/lib/x86_64-linux-gnu/libreadline.so.8.2)
==90263==    by 0x11075A: reader (minishell.c:34)
==90263==    by 0x1109C0: main (minishell.c:130)
==90263== 
==90263== 13 bytes in 1 blocks are still reachable in loss record 11 of 77
==90263==    at 0x4846828: malloc (in /usr/libexec/valgrind/vgpreload_memcheck-amd64-linux.so)
==90263==    by 0x48AC0EC: xmalloc (in /usr/lib/x86_64-linux-gnu/libreadline.so.8.2)
==90263==    by 0x4899B35: ??? (in /usr/lib/x86_64-linux-gnu/libreadline.so.8.2)
==90263==    by 0x4893600: rl_initialize (in /usr/lib/x86_64-linux-gnu/libreadline.so.8.2)
==90263==    by 0x4893896: readline (in /usr/lib/x86_64-linux-gnu/libreadline.so.8.2)
==90263==    by 0x11075A: reader (minishell.c:34)
==90263==    by 0x1109C0: main (minishell.c:130)
==90263== 
==90263== 14 bytes in 1 blocks are still reachable in loss record 12 of 77
==90263==    at 0x484DB80: realloc (in /usr/libexec/valgrind/vgpreload_memcheck-amd64-linux.so)
==90263==    by 0x4AE79DC: _nc_doalloc (in /usr/lib/x86_64-linux-gnu/libtinfo.so.6.4)
==90263==    by 0x4AF0657: _nc_tiparm (in /usr/lib/x86_64-linux-gnu/libtinfo.so.6.4)
==90263==    by 0x4AF6F4F: ??? (in /usr/lib/x86_64-linux-gnu/libtinfo.so.6.4)
==90263==    by 0x4AF6FD9: _nc_trim_sgr0 (in /usr/lib/x86_64-linux-gnu/libtinfo.so.6.4)
==90263==    by 0x4AF39B7: tgetent_sp (in /usr/lib/x86_64-linux-gnu/libtinfo.so.6.4)
==90263==    by 0x48A7CE4: _rl_init_terminal_io (in /usr/lib/x86_64-linux-gnu/libreadline.so.8.2)
==90263==    by 0x48935D7: rl_initialize (in /usr/lib/x86_64-linux-gnu/libreadline.so.8.2)
==90263==    by 0x4893896: readline (in /usr/lib/x86_64-linux-gnu/libreadline.so.8.2)
==90263==    by 0x11075A: reader (minishell.c:34)
==90263==    by 0x1109C0: main (minishell.c:130)
==90263== 
==90263== 15 bytes in 1 blocks are still reachable in loss record 13 of 77
==90263==    at 0x4846828: malloc (in /usr/libexec/valgrind/vgpreload_memcheck-amd64-linux.so)
==90263==    by 0x497935E: strdup (strdup.c:42)
==90263==    by 0x4AF3328: _nc_setupterm (in /usr/lib/x86_64-linux-gnu/libtinfo.so.6.4)
==90263==    by 0x4AF37D6: tgetent_sp (in /usr/lib/x86_64-linux-gnu/libtinfo.so.6.4)
==90263==    by 0x48A7CE4: _rl_init_terminal_io (in /usr/lib/x86_64-linux-gnu/libreadline.so.8.2)
==90263==    by 0x48935D7: rl_initialize (in /usr/lib/x86_64-linux-gnu/libreadline.so.8.2)
==90263==    by 0x4893896: readline (in /usr/lib/x86_64-linux-gnu/libreadline.so.8.2)
==90263==    by 0x11075A: reader (minishell.c:34)
==90263==    by 0x1109C0: main (minishell.c:130)
==90263== 
==90263== 16 bytes in 1 blocks are still reachable in loss record 14 of 77
==90263==    at 0x4846828: malloc (in /usr/libexec/valgrind/vgpreload_memcheck-amd64-linux.so)
==90263==    by 0x48936F1: rl_initialize (in /usr/lib/x86_64-linux-gnu/libreadline.so.8.2)
==90263==    by 0x4893896: readline (in /usr/lib/x86_64-linux-gnu/libreadline.so.8.2)
==90263==    by 0x11075A: reader (minishell.c:34)
==90263==    by 0x1109C0: main (minishell.c:130)
==90263== 
==90263== 20 bytes in 1 blocks are still reachable in loss record 15 of 77
==90263==    at 0x4846828: malloc (in /usr/libexec/valgrind/vgpreload_memcheck-amd64-linux.so)
==90263==    by 0x48AC0EC: xmalloc (in /usr/lib/x86_64-linux-gnu/libreadline.so.8.2)
==90263==    by 0x4896B93: ??? (in /usr/lib/x86_64-linux-gnu/libreadline.so.8.2)
==90263==    by 0x48996AB: rl_parse_and_bind (in /usr/lib/x86_64-linux-gnu/libreadline.so.8.2)
==90263==    by 0x4899AAB: ??? (in /usr/lib/x86_64-linux-gnu/libreadline.so.8.2)
==90263==    by 0x4893600: rl_initialize (in /usr/lib/x86_64-linux-gnu/libreadline.so.8.2)
==90263==    by 0x4893896: readline (in /usr/lib/x86_64-linux-gnu/libreadline.so.8.2)
==90263==    by 0x11075A: reader (minishell.c:34)
==90263==    by 0x1109C0: main (minishell.c:130)
==90263== 
==90263== 24 bytes in 1 blocks are still reachable in loss record 16 of 77
==90263==    at 0x4846828: malloc (in /usr/libexec/valgrind/vgpreload_memcheck-amd64-linux.so)
==90263==    by 0x4AE8997: _nc_home_terminfo (in /usr/lib/x86_64-linux-gnu/libtinfo.so.6.4)
==90263==    by 0x4AE8F88: _nc_first_db (in /usr/lib/x86_64-linux-gnu/libtinfo.so.6.4)
==90263==    by 0x4AF7A8A: _nc_read_entry2 (in /usr/lib/x86_64-linux-gnu/libtinfo.so.6.4)
==90263==    by 0x4AF3135: ??? (in /usr/lib/x86_64-linux-gnu/libtinfo.so.6.4)
==90263==    by 0x4AF32C5: _nc_setupterm (in /usr/lib/x86_64-linux-gnu/libtinfo.so.6.4)
==90263==    by 0x4AF37D6: tgetent_sp (in /usr/lib/x86_64-linux-gnu/libtinfo.so.6.4)
==90263==    by 0x48A7CE4: _rl_init_terminal_io (in /usr/lib/x86_64-linux-gnu/libreadline.so.8.2)
==90263==    by 0x48935D7: rl_initialize (in /usr/lib/x86_64-linux-gnu/libreadline.so.8.2)
==90263==    by 0x4893896: readline (in /usr/lib/x86_64-linux-gnu/libreadline.so.8.2)
==90263==    by 0x11075A: reader (minishell.c:34)
==90263==    by 0x1109C0: main (minishell.c:130)
==90263== 
==90263== 24 bytes in 1 blocks are still reachable in loss record 17 of 77
==90263==    at 0x4846828: malloc (in /usr/libexec/valgrind/vgpreload_memcheck-amd64-linux.so)
==90263==    by 0x49ED4E0: tsearch (tsearch.c:337)
==90263==    by 0x4AEB6C7: ??? (in /usr/lib/x86_64-linux-gnu/libtinfo.so.6.4)
==90263==    by 0x4AF0278: _nc_tiparm (in /usr/lib/x86_64-linux-gnu/libtinfo.so.6.4)
==90263==    by 0x4AF6F4F: ??? (in /usr/lib/x86_64-linux-gnu/libtinfo.so.6.4)
==90263==    by 0x4AF6FD9: _nc_trim_sgr0 (in /usr/lib/x86_64-linux-gnu/libtinfo.so.6.4)
==90263==    by 0x4AF39B7: tgetent_sp (in /usr/lib/x86_64-linux-gnu/libtinfo.so.6.4)
==90263==    by 0x48A7CE4: _rl_init_terminal_io (in /usr/lib/x86_64-linux-gnu/libreadline.so.8.2)
==90263==    by 0x48935D7: rl_initialize (in /usr/lib/x86_64-linux-gnu/libreadline.so.8.2)
==90263==    by 0x4893896: readline (in /usr/lib/x86_64-linux-gnu/libreadline.so.8.2)
==90263==    by 0x11075A: reader (minishell.c:34)
==90263==    by 0x1109C0: main (minishell.c:130)
==90263== 
==90263== 47 bytes in 1 blocks are still reachable in loss record 18 of 77
==90263==    at 0x484DB80: realloc (in /usr/libexec/valgrind/vgpreload_memcheck-amd64-linux.so)
==90263==    by 0x4AE79DC: _nc_doalloc (in /usr/lib/x86_64-linux-gnu/libtinfo.so.6.4)
==90263==    by 0x4AF64A8: _nc_read_termtype (in /usr/lib/x86_64-linux-gnu/libtinfo.so.6.4)
==90263==    by 0x4AF75C1: _nc_read_file_entry (in /usr/lib/x86_64-linux-gnu/libtinfo.so.6.4)
==90263==    by 0x4AF794C: ??? (in /usr/lib/x86_64-linux-gnu/libtinfo.so.6.4)
==90263==    by 0x4AF7AB0: _nc_read_entry2 (in /usr/lib/x86_64-linux-gnu/libtinfo.so.6.4)
==90263==    by 0x4AF3135: ??? (in /usr/lib/x86_64-linux-gnu/libtinfo.so.6.4)
==90263==    by 0x4AF32C5: _nc_setupterm (in /usr/lib/x86_64-linux-gnu/libtinfo.so.6.4)
==90263==    by 0x4AF37D6: tgetent_sp (in /usr/lib/x86_64-linux-gnu/libtinfo.so.6.4)
==90263==    by 0x48A7CE4: _rl_init_terminal_io (in /usr/lib/x86_64-linux-gnu/libreadline.so.8.2)
==90263==    by 0x48935D7: rl_initialize (in /usr/lib/x86_64-linux-gnu/libreadline.so.8.2)
==90263==    by 0x4893896: readline (in /usr/lib/x86_64-linux-gnu/libreadline.so.8.2)
==90263== 
==90263== 47 bytes in 1 blocks are still reachable in loss record 19 of 77
==90263==    at 0x4846828: malloc (in /usr/libexec/valgrind/vgpreload_memcheck-amd64-linux.so)
==90263==    by 0x4AE7000: ??? (in /usr/lib/x86_64-linux-gnu/libtinfo.so.6.4)
==90263==    by 0x4AF32F7: _nc_setupterm (in /usr/lib/x86_64-linux-gnu/libtinfo.so.6.4)
==90263==    by 0x4AF37D6: tgetent_sp (in /usr/lib/x86_64-linux-gnu/libtinfo.so.6.4)
==90263==    by 0x48A7CE4: _rl_init_terminal_io (in /usr/lib/x86_64-linux-gnu/libreadline.so.8.2)
==90263==    by 0x48935D7: rl_initialize (in /usr/lib/x86_64-linux-gnu/libreadline.so.8.2)
==90263==    by 0x4893896: readline (in /usr/lib/x86_64-linux-gnu/libreadline.so.8.2)
==90263==    by 0x11075A: reader (minishell.c:34)
==90263==    by 0x1109C0: main (minishell.c:130)
==90263== 
==90263== 48 bytes in 1 blocks are still reachable in loss record 20 of 77
==90263==    at 0x484D953: calloc (in /usr/libexec/valgrind/vgpreload_memcheck-amd64-linux.so)
==90263==    by 0x4AE8B9B: _nc_first_db (in /usr/lib/x86_64-linux-gnu/libtinfo.so.6.4)
==90263==    by 0x4AF7A8A: _nc_read_entry2 (in /usr/lib/x86_64-linux-gnu/libtinfo.so.6.4)
==90263==    by 0x4AF3135: ??? (in /usr/lib/x86_64-linux-gnu/libtinfo.so.6.4)
==90263==    by 0x4AF32C5: _nc_setupterm (in /usr/lib/x86_64-linux-gnu/libtinfo.so.6.4)
==90263==    by 0x4AF37D6: tgetent_sp (in /usr/lib/x86_64-linux-gnu/libtinfo.so.6.4)
==90263==    by 0x48A7CE4: _rl_init_terminal_io (in /usr/lib/x86_64-linux-gnu/libreadline.so.8.2)
==90263==    by 0x48935D7: rl_initialize (in /usr/lib/x86_64-linux-gnu/libreadline.so.8.2)
==90263==    by 0x4893896: readline (in /usr/lib/x86_64-linux-gnu/libreadline.so.8.2)
==90263==    by 0x11075A: reader (minishell.c:34)
==90263==    by 0x1109C0: main (minishell.c:130)
==90263== 
==90263== 78 bytes in 1 blocks are still reachable in loss record 21 of 77
==90263==    at 0x4846828: malloc (in /usr/libexec/valgrind/vgpreload_memcheck-amd64-linux.so)
==90263==    by 0x4AE7129: ??? (in /usr/lib/x86_64-linux-gnu/libtinfo.so.6.4)
==90263==    by 0x4AF32F7: _nc_setupterm (in /usr/lib/x86_64-linux-gnu/libtinfo.so.6.4)
==90263==    by 0x4AF37D6: tgetent_sp (in /usr/lib/x86_64-linux-gnu/libtinfo.so.6.4)
==90263==    by 0x48A7CE4: _rl_init_terminal_io (in /usr/lib/x86_64-linux-gnu/libreadline.so.8.2)
==90263==    by 0x48935D7: rl_initialize (in /usr/lib/x86_64-linux-gnu/libreadline.so.8.2)
==90263==    by 0x4893896: readline (in /usr/lib/x86_64-linux-gnu/libreadline.so.8.2)
==90263==    by 0x11075A: reader (minishell.c:34)
==90263==    by 0x1109C0: main (minishell.c:130)
==90263== 
==90263== 93 bytes in 1 blocks are still reachable in loss record 22 of 77
==90263==    at 0x4846828: malloc (in /usr/libexec/valgrind/vgpreload_memcheck-amd64-linux.so)
==90263==    by 0x4AE8AFF: _nc_first_db (in /usr/lib/x86_64-linux-gnu/libtinfo.so.6.4)
==90263==    by 0x4AF7A8A: _nc_read_entry2 (in /usr/lib/x86_64-linux-gnu/libtinfo.so.6.4)
==90263==    by 0x4AF3135: ??? (in /usr/lib/x86_64-linux-gnu/libtinfo.so.6.4)
==90263==    by 0x4AF32C5: _nc_setupterm (in /usr/lib/x86_64-linux-gnu/libtinfo.so.6.4)
==90263==    by 0x4AF37D6: tgetent_sp (in /usr/lib/x86_64-linux-gnu/libtinfo.so.6.4)
==90263==    by 0x48A7CE4: _rl_init_terminal_io (in /usr/lib/x86_64-linux-gnu/libreadline.so.8.2)
==90263==    by 0x48935D7: rl_initialize (in /usr/lib/x86_64-linux-gnu/libreadline.so.8.2)
==90263==    by 0x4893896: readline (in /usr/lib/x86_64-linux-gnu/libreadline.so.8.2)
==90263==    by 0x11075A: reader (minishell.c:34)
==90263==    by 0x1109C0: main (minishell.c:130)
==90263== 
==90263== 93 bytes in 1 blocks are still reachable in loss record 23 of 77
==90263==    at 0x4846828: malloc (in /usr/libexec/valgrind/vgpreload_memcheck-amd64-linux.so)
==90263==    by 0x497935E: strdup (strdup.c:42)
==90263==    by 0x4AEB6A5: ??? (in /usr/lib/x86_64-linux-gnu/libtinfo.so.6.4)
==90263==    by 0x4AF0278: _nc_tiparm (in /usr/lib/x86_64-linux-gnu/libtinfo.so.6.4)
==90263==    by 0x4AF6F4F: ??? (in /usr/lib/x86_64-linux-gnu/libtinfo.so.6.4)
==90263==    by 0x4AF6FD9: _nc_trim_sgr0 (in /usr/lib/x86_64-linux-gnu/libtinfo.so.6.4)
==90263==    by 0x4AF39B7: tgetent_sp (in /usr/lib/x86_64-linux-gnu/libtinfo.so.6.4)
==90263==    by 0x48A7CE4: _rl_init_terminal_io (in /usr/lib/x86_64-linux-gnu/libreadline.so.8.2)
==90263==    by 0x48935D7: rl_initialize (in /usr/lib/x86_64-linux-gnu/libreadline.so.8.2)
==90263==    by 0x4893896: readline (in /usr/lib/x86_64-linux-gnu/libreadline.so.8.2)
==90263==    by 0x11075A: reader (minishell.c:34)
==90263==    by 0x1109C0: main (minishell.c:130)
==90263== 
==90263== 94 bytes in 1 blocks are still reachable in loss record 24 of 77
==90263==    at 0x4846828: malloc (in /usr/libexec/valgrind/vgpreload_memcheck-amd64-linux.so)
==90263==    by 0x4AEB237: _nc_tparm_analyze (in /usr/lib/x86_64-linux-gnu/libtinfo.so.6.4)
==90263==    by 0x4AEB5B2: ??? (in /usr/lib/x86_64-linux-gnu/libtinfo.so.6.4)
==90263==    by 0x4AF0278: _nc_tiparm (in /usr/lib/x86_64-linux-gnu/libtinfo.so.6.4)
==90263==    by 0x4AF6F4F: ??? (in /usr/lib/x86_64-linux-gnu/libtinfo.so.6.4)
==90263==    by 0x4AF6FD9: _nc_trim_sgr0 (in /usr/lib/x86_64-linux-gnu/libtinfo.so.6.4)
==90263==    by 0x4AF39B7: tgetent_sp (in /usr/lib/x86_64-linux-gnu/libtinfo.so.6.4)
==90263==    by 0x48A7CE4: _rl_init_terminal_io (in /usr/lib/x86_64-linux-gnu/libreadline.so.8.2)
==90263==    by 0x48935D7: rl_initialize (in /usr/lib/x86_64-linux-gnu/libreadline.so.8.2)
==90263==    by 0x4893896: readline (in /usr/lib/x86_64-linux-gnu/libreadline.so.8.2)
==90263==    by 0x11075A: reader (minishell.c:34)
==90263==    by 0x1109C0: main (minishell.c:130)
==90263== 
==90263== 156 bytes in 1 blocks are still reachable in loss record 25 of 77
==90263==    at 0x484DB80: realloc (in /usr/libexec/valgrind/vgpreload_memcheck-amd64-linux.so)
==90263==    by 0x4AE79DC: _nc_doalloc (in /usr/lib/x86_64-linux-gnu/libtinfo.so.6.4)
==90263==    by 0x4AF64C6: _nc_read_termtype (in /usr/lib/x86_64-linux-gnu/libtinfo.so.6.4)
==90263==    by 0x4AF75C1: _nc_read_file_entry (in /usr/lib/x86_64-linux-gnu/libtinfo.so.6.4)
==90263==    by 0x4AF794C: ??? (in /usr/lib/x86_64-linux-gnu/libtinfo.so.6.4)
==90263==    by 0x4AF7AB0: _nc_read_entry2 (in /usr/lib/x86_64-linux-gnu/libtinfo.so.6.4)
==90263==    by 0x4AF3135: ??? (in /usr/lib/x86_64-linux-gnu/libtinfo.so.6.4)
==90263==    by 0x4AF32C5: _nc_setupterm (in /usr/lib/x86_64-linux-gnu/libtinfo.so.6.4)
==90263==    by 0x4AF37D6: tgetent_sp (in /usr/lib/x86_64-linux-gnu/libtinfo.so.6.4)
==90263==    by 0x48A7CE4: _rl_init_terminal_io (in /usr/lib/x86_64-linux-gnu/libreadline.so.8.2)
==90263==    by 0x48935D7: rl_initialize (in /usr/lib/x86_64-linux-gnu/libreadline.so.8.2)
==90263==    by 0x4893896: readline (in /usr/lib/x86_64-linux-gnu/libreadline.so.8.2)
==90263== 
==90263== 168 bytes in 1 blocks are still reachable in loss record 26 of 77
==90263==    at 0x484D953: calloc (in /usr/libexec/valgrind/vgpreload_memcheck-amd64-linux.so)
==90263==    by 0x4AEB61E: ??? (in /usr/lib/x86_64-linux-gnu/libtinfo.so.6.4)
==90263==    by 0x4AF0278: _nc_tiparm (in /usr/lib/x86_64-linux-gnu/libtinfo.so.6.4)
==90263==    by 0x4AF6F4F: ??? (in /usr/lib/x86_64-linux-gnu/libtinfo.so.6.4)
==90263==    by 0x4AF6FD9: _nc_trim_sgr0 (in /usr/lib/x86_64-linux-gnu/libtinfo.so.6.4)
==90263==    by 0x4AF39B7: tgetent_sp (in /usr/lib/x86_64-linux-gnu/libtinfo.so.6.4)
==90263==    by 0x48A7CE4: _rl_init_terminal_io (in /usr/lib/x86_64-linux-gnu/libreadline.so.8.2)
==90263==    by 0x48935D7: rl_initialize (in /usr/lib/x86_64-linux-gnu/libreadline.so.8.2)
==90263==    by 0x4893896: readline (in /usr/lib/x86_64-linux-gnu/libreadline.so.8.2)
==90263==    by 0x11075A: reader (minishell.c:34)
==90263==    by 0x1109C0: main (minishell.c:130)
==90263== 
==90263== 256 bytes in 1 blocks are still reachable in loss record 27 of 77
==90263==    at 0x4846828: malloc (in /usr/libexec/valgrind/vgpreload_memcheck-amd64-linux.so)
==90263==    by 0x48AC0EC: xmalloc (in /usr/lib/x86_64-linux-gnu/libreadline.so.8.2)
==90263==    by 0x4893846: rl_initialize (in /usr/lib/x86_64-linux-gnu/libreadline.so.8.2)
==90263==    by 0x4893896: readline (in /usr/lib/x86_64-linux-gnu/libreadline.so.8.2)
==90263==    by 0x11075A: reader (minishell.c:34)
==90263==    by 0x1109C0: main (minishell.c:130)
==90263== 
==90263== 712 bytes in 1 blocks are still reachable in loss record 28 of 77
==90263==    at 0x484D953: calloc (in /usr/libexec/valgrind/vgpreload_memcheck-amd64-linux.so)
==90263==    by 0x4AF6783: _nc_read_termtype (in /usr/lib/x86_64-linux-gnu/libtinfo.so.6.4)
==90263==    by 0x4AF75C1: _nc_read_file_entry (in /usr/lib/x86_64-linux-gnu/libtinfo.so.6.4)
==90263==    by 0x4AF794C: ??? (in /usr/lib/x86_64-linux-gnu/libtinfo.so.6.4)
==90263==    by 0x4AF7AB0: _nc_read_entry2 (in /usr/lib/x86_64-linux-gnu/libtinfo.so.6.4)
==90263==    by 0x4AF3135: ??? (in /usr/lib/x86_64-linux-gnu/libtinfo.so.6.4)
==90263==    by 0x4AF32C5: _nc_setupterm (in /usr/lib/x86_64-linux-gnu/libtinfo.so.6.4)
==90263==    by 0x4AF37D6: tgetent_sp (in /usr/lib/x86_64-linux-gnu/libtinfo.so.6.4)
==90263==    by 0x48A7CE4: _rl_init_terminal_io (in /usr/lib/x86_64-linux-gnu/libreadline.so.8.2)
==90263==    by 0x48935D7: rl_initialize (in /usr/lib/x86_64-linux-gnu/libreadline.so.8.2)
==90263==    by 0x4893896: readline (in /usr/lib/x86_64-linux-gnu/libreadline.so.8.2)
==90263==    by 0x11075A: reader (minishell.c:34)
==90263== 
==90263== 712 bytes in 1 blocks are still reachable in loss record 29 of 77
==90263==    at 0x4846828: malloc (in /usr/libexec/valgrind/vgpreload_memcheck-amd64-linux.so)
==90263==    by 0x4AE727D: ??? (in /usr/lib/x86_64-linux-gnu/libtinfo.so.6.4)
==90263==    by 0x4AF32F7: _nc_setupterm (in /usr/lib/x86_64-linux-gnu/libtinfo.so.6.4)
==90263==    by 0x4AF37D6: tgetent_sp (in /usr/lib/x86_64-linux-gnu/libtinfo.so.6.4)
==90263==    by 0x48A7CE4: _rl_init_terminal_io (in /usr/lib/x86_64-linux-gnu/libreadline.so.8.2)
==90263==    by 0x48935D7: rl_initialize (in /usr/lib/x86_64-linux-gnu/libreadline.so.8.2)
==90263==    by 0x4893896: readline (in /usr/lib/x86_64-linux-gnu/libreadline.so.8.2)
==90263==    by 0x11075A: reader (minishell.c:34)
==90263==    by 0x1109C0: main (minishell.c:130)
==90263== 
==90263== 760 bytes in 1 blocks are still reachable in loss record 30 of 77
==90263==    at 0x484D953: calloc (in /usr/libexec/valgrind/vgpreload_memcheck-amd64-linux.so)
==90263==    by 0x4AF326F: _nc_setupterm (in /usr/lib/x86_64-linux-gnu/libtinfo.so.6.4)
==90263==    by 0x4AF37D6: tgetent_sp (in /usr/lib/x86_64-linux-gnu/libtinfo.so.6.4)
==90263==    by 0x48A7CE4: _rl_init_terminal_io (in /usr/lib/x86_64-linux-gnu/libreadline.so.8.2)
==90263==    by 0x48935D7: rl_initialize (in /usr/lib/x86_64-linux-gnu/libreadline.so.8.2)
==90263==    by 0x4893896: readline (in /usr/lib/x86_64-linux-gnu/libreadline.so.8.2)
==90263==    by 0x11075A: reader (minishell.c:34)
==90263==    by 0x1109C0: main (minishell.c:130)
==90263== 
==90263== 1,024 bytes in 1 blocks are still reachable in loss record 31 of 77
==90263==    at 0x4846828: malloc (in /usr/libexec/valgrind/vgpreload_memcheck-amd64-linux.so)
==90263==    by 0x48ACC97: xrealloc (in /usr/lib/x86_64-linux-gnu/libreadline.so.8.2)
==90263==    by 0x48959C2: ??? (in /usr/lib/x86_64-linux-gnu/libreadline.so.8.2)
==90263==    by 0x4895AB8: ??? (in /usr/lib/x86_64-linux-gnu/libreadline.so.8.2)
==90263==    by 0x489F1D6: rl_redisplay (in /usr/lib/x86_64-linux-gnu/libreadline.so.8.2)
==90263==    by 0x4888C6D: readline_internal_setup (in /usr/lib/x86_64-linux-gnu/libreadline.so.8.2)
==90263==    by 0x48938BA: readline (in /usr/lib/x86_64-linux-gnu/libreadline.so.8.2)
==90263==    by 0x11075A: reader (minishell.c:34)
==90263==    by 0x1109C0: main (minishell.c:130)
==90263== 
==90263== 1,024 bytes in 1 blocks are still reachable in loss record 32 of 77
==90263==    at 0x4846828: malloc (in /usr/libexec/valgrind/vgpreload_memcheck-amd64-linux.so)
==90263==    by 0x48ACC97: xrealloc (in /usr/lib/x86_64-linux-gnu/libreadline.so.8.2)
==90263==    by 0x48959D1: ??? (in /usr/lib/x86_64-linux-gnu/libreadline.so.8.2)
==90263==    by 0x4895AB8: ??? (in /usr/lib/x86_64-linux-gnu/libreadline.so.8.2)
==90263==    by 0x489F1D6: rl_redisplay (in /usr/lib/x86_64-linux-gnu/libreadline.so.8.2)
==90263==    by 0x4888C6D: readline_internal_setup (in /usr/lib/x86_64-linux-gnu/libreadline.so.8.2)
==90263==    by 0x48938BA: readline (in /usr/lib/x86_64-linux-gnu/libreadline.so.8.2)
==90263==    by 0x11075A: reader (minishell.c:34)
==90263==    by 0x1109C0: main (minishell.c:130)
==90263== 
==90263== 1,024 bytes in 1 blocks are still reachable in loss record 33 of 77
==90263==    at 0x4846828: malloc (in /usr/libexec/valgrind/vgpreload_memcheck-amd64-linux.so)
==90263==    by 0x48ACC97: xrealloc (in /usr/lib/x86_64-linux-gnu/libreadline.so.8.2)
==90263==    by 0x48959E8: ??? (in /usr/lib/x86_64-linux-gnu/libreadline.so.8.2)
==90263==    by 0x4895AB8: ??? (in /usr/lib/x86_64-linux-gnu/libreadline.so.8.2)
==90263==    by 0x489F1D6: rl_redisplay (in /usr/lib/x86_64-linux-gnu/libreadline.so.8.2)
==90263==    by 0x4888C6D: readline_internal_setup (in /usr/lib/x86_64-linux-gnu/libreadline.so.8.2)
==90263==    by 0x48938BA: readline (in /usr/lib/x86_64-linux-gnu/libreadline.so.8.2)
==90263==    by 0x11075A: reader (minishell.c:34)
==90263==    by 0x1109C0: main (minishell.c:130)
==90263== 
==90263== 1,024 bytes in 1 blocks are still reachable in loss record 34 of 77
==90263==    at 0x4846828: malloc (in /usr/libexec/valgrind/vgpreload_memcheck-amd64-linux.so)
==90263==    by 0x48ACC97: xrealloc (in /usr/lib/x86_64-linux-gnu/libreadline.so.8.2)
==90263==    by 0x4895A01: ??? (in /usr/lib/x86_64-linux-gnu/libreadline.so.8.2)
==90263==    by 0x4895AB8: ??? (in /usr/lib/x86_64-linux-gnu/libreadline.so.8.2)
==90263==    by 0x489F1D6: rl_redisplay (in /usr/lib/x86_64-linux-gnu/libreadline.so.8.2)
==90263==    by 0x4888C6D: readline_internal_setup (in /usr/lib/x86_64-linux-gnu/libreadline.so.8.2)
==90263==    by 0x48938BA: readline (in /usr/lib/x86_64-linux-gnu/libreadline.so.8.2)
==90263==    by 0x11075A: reader (minishell.c:34)
==90263==    by 0x1109C0: main (minishell.c:130)
==90263== 
==90263== 1,024 bytes in 1 blocks are still reachable in loss record 35 of 77
==90263==    at 0x4846828: malloc (in /usr/libexec/valgrind/vgpreload_memcheck-amd64-linux.so)
==90263==    by 0x48AC0EC: xmalloc (in /usr/lib/x86_64-linux-gnu/libreadline.so.8.2)
==90263==    by 0x4895B17: ??? (in /usr/lib/x86_64-linux-gnu/libreadline.so.8.2)
==90263==    by 0x489F1D6: rl_redisplay (in /usr/lib/x86_64-linux-gnu/libreadline.so.8.2)
==90263==    by 0x4888C6D: readline_internal_setup (in /usr/lib/x86_64-linux-gnu/libreadline.so.8.2)
==90263==    by 0x48938BA: readline (in /usr/lib/x86_64-linux-gnu/libreadline.so.8.2)
==90263==    by 0x11075A: reader (minishell.c:34)
==90263==    by 0x1109C0: main (minishell.c:130)
==90263== 
==90263== 1,024 bytes in 1 blocks are still reachable in loss record 36 of 77
==90263==    at 0x4846828: malloc (in /usr/libexec/valgrind/vgpreload_memcheck-amd64-linux.so)
==90263==    by 0x48AC0EC: xmalloc (in /usr/lib/x86_64-linux-gnu/libreadline.so.8.2)
==90263==    by 0x4895B2E: ??? (in /usr/lib/x86_64-linux-gnu/libreadline.so.8.2)
==90263==    by 0x489F1D6: rl_redisplay (in /usr/lib/x86_64-linux-gnu/libreadline.so.8.2)
==90263==    by 0x4888C6D: readline_internal_setup (in /usr/lib/x86_64-linux-gnu/libreadline.so.8.2)
==90263==    by 0x48938BA: readline (in /usr/lib/x86_64-linux-gnu/libreadline.so.8.2)
==90263==    by 0x11075A: reader (minishell.c:34)
==90263==    by 0x1109C0: main (minishell.c:130)
==90263== 
==90263== 1,024 bytes in 1 blocks are still reachable in loss record 37 of 77
==90263==    at 0x4846828: malloc (in /usr/libexec/valgrind/vgpreload_memcheck-amd64-linux.so)
==90263==    by 0x48AC0EC: xmalloc (in /usr/lib/x86_64-linux-gnu/libreadline.so.8.2)
==90263==    by 0x4895B3D: ??? (in /usr/lib/x86_64-linux-gnu/libreadline.so.8.2)
==90263==    by 0x489F1D6: rl_redisplay (in /usr/lib/x86_64-linux-gnu/libreadline.so.8.2)
==90263==    by 0x4888C6D: readline_internal_setup (in /usr/lib/x86_64-linux-gnu/libreadline.so.8.2)
==90263==    by 0x48938BA: readline (in /usr/lib/x86_64-linux-gnu/libreadline.so.8.2)
==90263==    by 0x11075A: reader (minishell.c:34)
==90263==    by 0x1109C0: main (minishell.c:130)
==90263== 
==90263== 1,024 bytes in 1 blocks are still reachable in loss record 38 of 77
==90263==    at 0x4846828: malloc (in /usr/libexec/valgrind/vgpreload_memcheck-amd64-linux.so)
==90263==    by 0x48AC0EC: xmalloc (in /usr/lib/x86_64-linux-gnu/libreadline.so.8.2)
==90263==    by 0x4895B4C: ??? (in /usr/lib/x86_64-linux-gnu/libreadline.so.8.2)
==90263==    by 0x489F1D6: rl_redisplay (in /usr/lib/x86_64-linux-gnu/libreadline.so.8.2)
==90263==    by 0x4888C6D: readline_internal_setup (in /usr/lib/x86_64-linux-gnu/libreadline.so.8.2)
==90263==    by 0x48938BA: readline (in /usr/lib/x86_64-linux-gnu/libreadline.so.8.2)
==90263==    by 0x11075A: reader (minishell.c:34)
==90263==    by 0x1109C0: main (minishell.c:130)
==90263== 
==90263== 1,107 bytes in 1 blocks are still reachable in loss record 39 of 77
==90263==    at 0x4846828: malloc (in /usr/libexec/valgrind/vgpreload_memcheck-amd64-linux.so)
==90263==    by 0x4AF666A: _nc_read_termtype (in /usr/lib/x86_64-linux-gnu/libtinfo.so.6.4)
==90263==    by 0x4AF75C1: _nc_read_file_entry (in /usr/lib/x86_64-linux-gnu/libtinfo.so.6.4)
==90263==    by 0x4AF794C: ??? (in /usr/lib/x86_64-linux-gnu/libtinfo.so.6.4)
==90263==    by 0x4AF7AB0: _nc_read_entry2 (in /usr/lib/x86_64-linux-gnu/libtinfo.so.6.4)
==90263==    by 0x4AF3135: ??? (in /usr/lib/x86_64-linux-gnu/libtinfo.so.6.4)
==90263==    by 0x4AF32C5: _nc_setupterm (in /usr/lib/x86_64-linux-gnu/libtinfo.so.6.4)
==90263==    by 0x4AF37D6: tgetent_sp (in /usr/lib/x86_64-linux-gnu/libtinfo.so.6.4)
==90263==    by 0x48A7CE4: _rl_init_terminal_io (in /usr/lib/x86_64-linux-gnu/libreadline.so.8.2)
==90263==    by 0x48935D7: rl_initialize (in /usr/lib/x86_64-linux-gnu/libreadline.so.8.2)
==90263==    by 0x4893896: readline (in /usr/lib/x86_64-linux-gnu/libreadline.so.8.2)
==90263==    by 0x11075A: reader (minishell.c:34)
==90263== 
==90263== 1,108 bytes in 1 blocks are still reachable in loss record 40 of 77
==90263==    at 0x484D953: calloc (in /usr/libexec/valgrind/vgpreload_memcheck-amd64-linux.so)
==90263==    by 0x4AE7418: ??? (in /usr/lib/x86_64-linux-gnu/libtinfo.so.6.4)
==90263==    by 0x4AF32F7: _nc_setupterm (in /usr/lib/x86_64-linux-gnu/libtinfo.so.6.4)
==90263==    by 0x4AF37D6: tgetent_sp (in /usr/lib/x86_64-linux-gnu/libtinfo.so.6.4)
==90263==    by 0x48A7CE4: _rl_init_terminal_io (in /usr/lib/x86_64-linux-gnu/libreadline.so.8.2)
==90263==    by 0x48935D7: rl_initialize (in /usr/lib/x86_64-linux-gnu/libreadline.so.8.2)
==90263==    by 0x4893896: readline (in /usr/lib/x86_64-linux-gnu/libreadline.so.8.2)
==90263==    by 0x11075A: reader (minishell.c:34)
==90263==    by 0x1109C0: main (minishell.c:130)
==90263== 
==90263== 1,536 bytes in 1 blocks are still reachable in loss record 41 of 77
==90263==    at 0x484DB80: realloc (in /usr/libexec/valgrind/vgpreload_memcheck-amd64-linux.so)
==90263==    by 0x48ACC81: xrealloc (in /usr/lib/x86_64-linux-gnu/libreadline.so.8.2)
==90263==    by 0x4889017: rl_add_funmap_entry (in /usr/lib/x86_64-linux-gnu/libreadline.so.8.2)
==90263==    by 0x4889057: rl_initialize_funmap (in /usr/lib/x86_64-linux-gnu/libreadline.so.8.2)
==90263==    by 0x48935F4: rl_initialize (in /usr/lib/x86_64-linux-gnu/libreadline.so.8.2)
==90263==    by 0x4893896: readline (in /usr/lib/x86_64-linux-gnu/libreadline.so.8.2)
==90263==    by 0x11075A: reader (minishell.c:34)
==90263==    by 0x1109C0: main (minishell.c:130)
==90263== 
==90263== 1,664 bytes in 1 blocks are still reachable in loss record 42 of 77
==90263==    at 0x4846828: malloc (in /usr/libexec/valgrind/vgpreload_memcheck-amd64-linux.so)
==90263==    by 0x4AF5CFD: _nc_read_termtype (in /usr/lib/x86_64-linux-gnu/libtinfo.so.6.4)
==90263==    by 0x4AF75C1: _nc_read_file_entry (in /usr/lib/x86_64-linux-gnu/libtinfo.so.6.4)
==90263==    by 0x4AF794C: ??? (in /usr/lib/x86_64-linux-gnu/libtinfo.so.6.4)
==90263==    by 0x4AF7AB0: _nc_read_entry2 (in /usr/lib/x86_64-linux-gnu/libtinfo.so.6.4)
==90263==    by 0x4AF3135: ??? (in /usr/lib/x86_64-linux-gnu/libtinfo.so.6.4)
==90263==    by 0x4AF32C5: _nc_setupterm (in /usr/lib/x86_64-linux-gnu/libtinfo.so.6.4)
==90263==    by 0x4AF37D6: tgetent_sp (in /usr/lib/x86_64-linux-gnu/libtinfo.so.6.4)
==90263==    by 0x48A7CE4: _rl_init_terminal_io (in /usr/lib/x86_64-linux-gnu/libreadline.so.8.2)
==90263==    by 0x48935D7: rl_initialize (in /usr/lib/x86_64-linux-gnu/libreadline.so.8.2)
==90263==    by 0x4893896: readline (in /usr/lib/x86_64-linux-gnu/libreadline.so.8.2)
==90263==    by 0x11075A: reader (minishell.c:34)
==90263== 
==90263== 2,032 bytes in 1 blocks are still reachable in loss record 43 of 77
==90263==    at 0x4846828: malloc (in /usr/libexec/valgrind/vgpreload_memcheck-amd64-linux.so)
==90263==    by 0x48AC0EC: xmalloc (in /usr/lib/x86_64-linux-gnu/libreadline.so.8.2)
==90263==    by 0x48A7F69: _rl_init_terminal_io (in /usr/lib/x86_64-linux-gnu/libreadline.so.8.2)
==90263==    by 0x48935D7: rl_initialize (in /usr/lib/x86_64-linux-gnu/libreadline.so.8.2)
==90263==    by 0x4893896: readline (in /usr/lib/x86_64-linux-gnu/libreadline.so.8.2)
==90263==    by 0x11075A: reader (minishell.c:34)
==90263==    by 0x1109C0: main (minishell.c:130)
==90263== 
==90263== 2,272 bytes in 142 blocks are still reachable in loss record 44 of 77
==90263==    at 0x4846828: malloc (in /usr/libexec/valgrind/vgpreload_memcheck-amd64-linux.so)
==90263==    by 0x48AC0EC: xmalloc (in /usr/lib/x86_64-linux-gnu/libreadline.so.8.2)
==90263==    by 0x4888FD0: rl_add_funmap_entry (in /usr/lib/x86_64-linux-gnu/libreadline.so.8.2)
==90263==    by 0x4889057: rl_initialize_funmap (in /usr/lib/x86_64-linux-gnu/libreadline.so.8.2)
==90263==    by 0x48935F4: rl_initialize (in /usr/lib/x86_64-linux-gnu/libreadline.so.8.2)
==90263==    by 0x4893896: readline (in /usr/lib/x86_64-linux-gnu/libreadline.so.8.2)
==90263==    by 0x11075A: reader (minishell.c:34)
==90263==    by 0x1109C0: main (minishell.c:130)
==90263== 
==90263== 2,337 bytes in 1 blocks are still reachable in loss record 45 of 77
==90263==    at 0x4846828: malloc (in /usr/libexec/valgrind/vgpreload_memcheck-amd64-linux.so)
==90263==    by 0x4AE7210: ??? (in /usr/lib/x86_64-linux-gnu/libtinfo.so.6.4)
==90263==    by 0x4AF32F7: _nc_setupterm (in /usr/lib/x86_64-linux-gnu/libtinfo.so.6.4)
==90263==    by 0x4AF37D6: tgetent_sp (in /usr/lib/x86_64-linux-gnu/libtinfo.so.6.4)
==90263==    by 0x48A7CE4: _rl_init_terminal_io (in /usr/lib/x86_64-linux-gnu/libreadline.so.8.2)
==90263==    by 0x48935D7: rl_initialize (in /usr/lib/x86_64-linux-gnu/libreadline.so.8.2)
==90263==    by 0x4893896: readline (in /usr/lib/x86_64-linux-gnu/libreadline.so.8.2)
==90263==    by 0x11075A: reader (minishell.c:34)
==90263==    by 0x1109C0: main (minishell.c:130)
==90263== 
==90263== 3,709 bytes in 58 blocks are definitely lost in loss record 46 of 77
==90263==    at 0x4846828: malloc (in /usr/libexec/valgrind/vgpreload_memcheck-amd64-linux.so)
==90263==    by 0x117814: ft_strdup (in /home/bleow/Coding/Core/minishell/minishell)
==90263==    by 0x116720: copy_env (builtin_unset_utils.c:26)
==90263==    by 0x11693F: realloc_until_var (builtin_unset.c:59)
==90263==    by 0x116C64: modify_env (builtin_unset.c:172)
==90263==    by 0x11686E: builtin_unset (builtin_unset.c:36)
==90263==    by 0x10AA8B: execute_builtin (builtin.c:77)
==90263==    by 0x10C3D8: exec_cmd_node (execute.c:92)
==90263==    by 0x10C485: execute_cmd (execute.c:121)
==90263==    by 0x110920: process_command (minishell.c:102)
==90263==    by 0x10F1AB: handle_input (input_handlers.c:82)
==90263==    by 0x110A22: main (minishell.c:138)
==90263== 
==90263== 4,000 bytes in 1 blocks are still reachable in loss record 47 of 77
==90263==    at 0x484DB80: realloc (in /usr/libexec/valgrind/vgpreload_memcheck-amd64-linux.so)
==90263==    by 0x4AE79DC: _nc_doalloc (in /usr/lib/x86_64-linux-gnu/libtinfo.so.6.4)
==90263==    by 0x4AF64E4: _nc_read_termtype (in /usr/lib/x86_64-linux-gnu/libtinfo.so.6.4)
==90263==    by 0x4AF75C1: _nc_read_file_entry (in /usr/lib/x86_64-linux-gnu/libtinfo.so.6.4)
==90263==    by 0x4AF794C: ??? (in /usr/lib/x86_64-linux-gnu/libtinfo.so.6.4)
==90263==    by 0x4AF7AB0: _nc_read_entry2 (in /usr/lib/x86_64-linux-gnu/libtinfo.so.6.4)
==90263==    by 0x4AF3135: ??? (in /usr/lib/x86_64-linux-gnu/libtinfo.so.6.4)
==90263==    by 0x4AF32C5: _nc_setupterm (in /usr/lib/x86_64-linux-gnu/libtinfo.so.6.4)
==90263==    by 0x4AF37D6: tgetent_sp (in /usr/lib/x86_64-linux-gnu/libtinfo.so.6.4)
==90263==    by 0x48A7CE4: _rl_init_terminal_io (in /usr/lib/x86_64-linux-gnu/libreadline.so.8.2)
==90263==    by 0x48935D7: rl_initialize (in /usr/lib/x86_64-linux-gnu/libreadline.so.8.2)
==90263==    by 0x4893896: readline (in /usr/lib/x86_64-linux-gnu/libreadline.so.8.2)
==90263== 
==90263== 4,000 bytes in 1 blocks are still reachable in loss record 48 of 77
==90263==    at 0x4846828: malloc (in /usr/libexec/valgrind/vgpreload_memcheck-amd64-linux.so)
==90263==    by 0x4AE7021: ??? (in /usr/lib/x86_64-linux-gnu/libtinfo.so.6.4)
==90263==    by 0x4AF32F7: _nc_setupterm (in /usr/lib/x86_64-linux-gnu/libtinfo.so.6.4)
==90263==    by 0x4AF37D6: tgetent_sp (in /usr/lib/x86_64-linux-gnu/libtinfo.so.6.4)
==90263==    by 0x48A7CE4: _rl_init_terminal_io (in /usr/lib/x86_64-linux-gnu/libreadline.so.8.2)
==90263==    by 0x48935D7: rl_initialize (in /usr/lib/x86_64-linux-gnu/libreadline.so.8.2)
==90263==    by 0x4893896: readline (in /usr/lib/x86_64-linux-gnu/libreadline.so.8.2)
==90263==    by 0x11075A: reader (minishell.c:34)
==90263==    by 0x1109C0: main (minishell.c:130)
==90263== 
==90263== 4,016 bytes in 1 blocks are still reachable in loss record 49 of 77
==90263==    at 0x4846828: malloc (in /usr/libexec/valgrind/vgpreload_memcheck-amd64-linux.so)
==90263==    by 0x48AC0EC: xmalloc (in /usr/lib/x86_64-linux-gnu/libreadline.so.8.2)
==90263==    by 0x48A561F: add_history (in /usr/lib/x86_64-linux-gnu/libreadline.so.8.2)
==90263==    by 0x110783: reader (minishell.c:38)
==90263==    by 0x1109C0: main (minishell.c:130)
==90263== 
==90263== 4,080 bytes in 1 blocks are still reachable in loss record 50 of 77
==90263==    at 0x4846828: malloc (in /usr/libexec/valgrind/vgpreload_memcheck-amd64-linux.so)
==90263==    by 0x48AC0EC: xmalloc (in /usr/lib/x86_64-linux-gnu/libreadline.so.8.2)
==90263==    by 0x48A7F49: _rl_init_terminal_io (in /usr/lib/x86_64-linux-gnu/libreadline.so.8.2)
==90263==    by 0x48935D7: rl_initialize (in /usr/lib/x86_64-linux-gnu/libreadline.so.8.2)
==90263==    by 0x4893896: readline (in /usr/lib/x86_64-linux-gnu/libreadline.so.8.2)
==90263==    by 0x11075A: reader (minishell.c:34)
==90263==    by 0x1109C0: main (minishell.c:130)
==90263== 
==90263== 4,112 bytes in 1 blocks are still reachable in loss record 51 of 77
==90263==    at 0x4846828: malloc (in /usr/libexec/valgrind/vgpreload_memcheck-amd64-linux.so)
==90263==    by 0x48AC0EC: xmalloc (in /usr/lib/x86_64-linux-gnu/libreadline.so.8.2)
==90263==    by 0x48874E1: rl_make_bare_keymap (in /usr/lib/x86_64-linux-gnu/libreadline.so.8.2)
==90263==    by 0x4888398: rl_generic_bind (in /usr/lib/x86_64-linux-gnu/libreadline.so.8.2)
==90263==    by 0x4893315: rl_bind_keyseq_if_unbound_in_map (in /usr/lib/x86_64-linux-gnu/libreadline.so.8.2)
==90263==    by 0x48A77E6: ??? (in /usr/lib/x86_64-linux-gnu/libreadline.so.8.2)
==90263==    by 0x48A7E24: _rl_init_terminal_io (in /usr/lib/x86_64-linux-gnu/libreadline.so.8.2)
==90263==    by 0x48935D7: rl_initialize (in /usr/lib/x86_64-linux-gnu/libreadline.so.8.2)
==90263==    by 0x4893896: readline (in /usr/lib/x86_64-linux-gnu/libreadline.so.8.2)
==90263==    by 0x11075A: reader (minishell.c:34)
==90263==    by 0x1109C0: main (minishell.c:130)
==90263== 
==90263== 4,112 bytes in 1 blocks are still reachable in loss record 52 of 77
==90263==    at 0x4846828: malloc (in /usr/libexec/valgrind/vgpreload_memcheck-amd64-linux.so)
==90263==    by 0x48AC0EC: xmalloc (in /usr/lib/x86_64-linux-gnu/libreadline.so.8.2)
==90263==    by 0x48874E1: rl_make_bare_keymap (in /usr/lib/x86_64-linux-gnu/libreadline.so.8.2)
==90263==    by 0x4888398: rl_generic_bind (in /usr/lib/x86_64-linux-gnu/libreadline.so.8.2)
==90263==    by 0x4893315: rl_bind_keyseq_if_unbound_in_map (in /usr/lib/x86_64-linux-gnu/libreadline.so.8.2)
==90263==    by 0x48A786B: ??? (in /usr/lib/x86_64-linux-gnu/libreadline.so.8.2)
==90263==    by 0x48A7E24: _rl_init_terminal_io (in /usr/lib/x86_64-linux-gnu/libreadline.so.8.2)
==90263==    by 0x48935D7: rl_initialize (in /usr/lib/x86_64-linux-gnu/libreadline.so.8.2)
==90263==    by 0x4893896: readline (in /usr/lib/x86_64-linux-gnu/libreadline.so.8.2)
==90263==    by 0x11075A: reader (minishell.c:34)
==90263==    by 0x1109C0: main (minishell.c:130)
==90263== 
==90263== 4,112 bytes in 1 blocks are still reachable in loss record 53 of 77
==90263==    at 0x4846828: malloc (in /usr/libexec/valgrind/vgpreload_memcheck-amd64-linux.so)
==90263==    by 0x48AC0EC: xmalloc (in /usr/lib/x86_64-linux-gnu/libreadline.so.8.2)
==90263==    by 0x48874E1: rl_make_bare_keymap (in /usr/lib/x86_64-linux-gnu/libreadline.so.8.2)
==90263==    by 0x4888398: rl_generic_bind (in /usr/lib/x86_64-linux-gnu/libreadline.so.8.2)
==90263==    by 0x4893315: rl_bind_keyseq_if_unbound_in_map (in /usr/lib/x86_64-linux-gnu/libreadline.so.8.2)
==90263==    by 0x48A787E: ??? (in /usr/lib/x86_64-linux-gnu/libreadline.so.8.2)
==90263==    by 0x48A7E24: _rl_init_terminal_io (in /usr/lib/x86_64-linux-gnu/libreadline.so.8.2)
==90263==    by 0x48935D7: rl_initialize (in /usr/lib/x86_64-linux-gnu/libreadline.so.8.2)
==90263==    by 0x4893896: readline (in /usr/lib/x86_64-linux-gnu/libreadline.so.8.2)
==90263==    by 0x11075A: reader (minishell.c:34)
==90263==    by 0x1109C0: main (minishell.c:130)
==90263== 
==90263== 4,112 bytes in 1 blocks are still reachable in loss record 54 of 77
==90263==    at 0x4846828: malloc (in /usr/libexec/valgrind/vgpreload_memcheck-amd64-linux.so)
==90263==    by 0x48AC0EC: xmalloc (in /usr/lib/x86_64-linux-gnu/libreadline.so.8.2)
==90263==    by 0x48874E1: rl_make_bare_keymap (in /usr/lib/x86_64-linux-gnu/libreadline.so.8.2)
==90263==    by 0x4888398: rl_generic_bind (in /usr/lib/x86_64-linux-gnu/libreadline.so.8.2)
==90263==    by 0x4893315: rl_bind_keyseq_if_unbound_in_map (in /usr/lib/x86_64-linux-gnu/libreadline.so.8.2)
==90263==    by 0x48A7891: ??? (in /usr/lib/x86_64-linux-gnu/libreadline.so.8.2)
==90263==    by 0x48A7E24: _rl_init_terminal_io (in /usr/lib/x86_64-linux-gnu/libreadline.so.8.2)
==90263==    by 0x48935D7: rl_initialize (in /usr/lib/x86_64-linux-gnu/libreadline.so.8.2)
==90263==    by 0x4893896: readline (in /usr/lib/x86_64-linux-gnu/libreadline.so.8.2)
==90263==    by 0x11075A: reader (minishell.c:34)
==90263==    by 0x1109C0: main (minishell.c:130)
==90263== 
==90263== 4,112 bytes in 1 blocks are still reachable in loss record 55 of 77
==90263==    at 0x4846828: malloc (in /usr/libexec/valgrind/vgpreload_memcheck-amd64-linux.so)
==90263==    by 0x48AC0EC: xmalloc (in /usr/lib/x86_64-linux-gnu/libreadline.so.8.2)
==90263==    by 0x48874E1: rl_make_bare_keymap (in /usr/lib/x86_64-linux-gnu/libreadline.so.8.2)
==90263==    by 0x4888398: rl_generic_bind (in /usr/lib/x86_64-linux-gnu/libreadline.so.8.2)
==90263==    by 0x4893315: rl_bind_keyseq_if_unbound_in_map (in /usr/lib/x86_64-linux-gnu/libreadline.so.8.2)
==90263==    by 0x48A786B: ??? (in /usr/lib/x86_64-linux-gnu/libreadline.so.8.2)
==90263==    by 0x48A7E30: _rl_init_terminal_io (in /usr/lib/x86_64-linux-gnu/libreadline.so.8.2)
==90263==    by 0x48935D7: rl_initialize (in /usr/lib/x86_64-linux-gnu/libreadline.so.8.2)
==90263==    by 0x4893896: readline (in /usr/lib/x86_64-linux-gnu/libreadline.so.8.2)
==90263==    by 0x11075A: reader (minishell.c:34)
==90263==    by 0x1109C0: main (minishell.c:130)
==90263== 
==90263== 4,112 bytes in 1 blocks are still reachable in loss record 56 of 77
==90263==    at 0x4846828: malloc (in /usr/libexec/valgrind/vgpreload_memcheck-amd64-linux.so)
==90263==    by 0x48AC0EC: xmalloc (in /usr/lib/x86_64-linux-gnu/libreadline.so.8.2)
==90263==    by 0x48874E1: rl_make_bare_keymap (in /usr/lib/x86_64-linux-gnu/libreadline.so.8.2)
==90263==    by 0x4888398: rl_generic_bind (in /usr/lib/x86_64-linux-gnu/libreadline.so.8.2)
==90263==    by 0x4893315: rl_bind_keyseq_if_unbound_in_map (in /usr/lib/x86_64-linux-gnu/libreadline.so.8.2)
==90263==    by 0x48A787E: ??? (in /usr/lib/x86_64-linux-gnu/libreadline.so.8.2)
==90263==    by 0x48A7E30: _rl_init_terminal_io (in /usr/lib/x86_64-linux-gnu/libreadline.so.8.2)
==90263==    by 0x48935D7: rl_initialize (in /usr/lib/x86_64-linux-gnu/libreadline.so.8.2)
==90263==    by 0x4893896: readline (in /usr/lib/x86_64-linux-gnu/libreadline.so.8.2)
==90263==    by 0x11075A: reader (minishell.c:34)
==90263==    by 0x1109C0: main (minishell.c:130)
==90263== 
==90263== 4,112 bytes in 1 blocks are still reachable in loss record 57 of 77
==90263==    at 0x4846828: malloc (in /usr/libexec/valgrind/vgpreload_memcheck-amd64-linux.so)
==90263==    by 0x48AC0EC: xmalloc (in /usr/lib/x86_64-linux-gnu/libreadline.so.8.2)
==90263==    by 0x48874E1: rl_make_bare_keymap (in /usr/lib/x86_64-linux-gnu/libreadline.so.8.2)
==90263==    by 0x4888398: rl_generic_bind (in /usr/lib/x86_64-linux-gnu/libreadline.so.8.2)
==90263==    by 0x4893315: rl_bind_keyseq_if_unbound_in_map (in /usr/lib/x86_64-linux-gnu/libreadline.so.8.2)
==90263==    by 0x48A7891: ??? (in /usr/lib/x86_64-linux-gnu/libreadline.so.8.2)
==90263==    by 0x48A7E30: _rl_init_terminal_io (in /usr/lib/x86_64-linux-gnu/libreadline.so.8.2)
==90263==    by 0x48935D7: rl_initialize (in /usr/lib/x86_64-linux-gnu/libreadline.so.8.2)
==90263==    by 0x4893896: readline (in /usr/lib/x86_64-linux-gnu/libreadline.so.8.2)
==90263==    by 0x11075A: reader (minishell.c:34)
==90263==    by 0x1109C0: main (minishell.c:130)
==90263== 
==90263== 4,112 bytes in 1 blocks are still reachable in loss record 58 of 77
==90263==    at 0x4846828: malloc (in /usr/libexec/valgrind/vgpreload_memcheck-amd64-linux.so)
==90263==    by 0x48AC0EC: xmalloc (in /usr/lib/x86_64-linux-gnu/libreadline.so.8.2)
==90263==    by 0x48874E1: rl_make_bare_keymap (in /usr/lib/x86_64-linux-gnu/libreadline.so.8.2)
==90263==    by 0x4888398: rl_generic_bind (in /usr/lib/x86_64-linux-gnu/libreadline.so.8.2)
==90263==    by 0x4893315: rl_bind_keyseq_if_unbound_in_map (in /usr/lib/x86_64-linux-gnu/libreadline.so.8.2)
==90263==    by 0x48A786B: ??? (in /usr/lib/x86_64-linux-gnu/libreadline.so.8.2)
==90263==    by 0x48A7E3C: _rl_init_terminal_io (in /usr/lib/x86_64-linux-gnu/libreadline.so.8.2)
==90263==    by 0x48935D7: rl_initialize (in /usr/lib/x86_64-linux-gnu/libreadline.so.8.2)
==90263==    by 0x4893896: readline (in /usr/lib/x86_64-linux-gnu/libreadline.so.8.2)
==90263==    by 0x11075A: reader (minishell.c:34)
==90263==    by 0x1109C0: main (minishell.c:130)
==90263== 
==90263== 4,112 bytes in 1 blocks are still reachable in loss record 59 of 77
==90263==    at 0x4846828: malloc (in /usr/libexec/valgrind/vgpreload_memcheck-amd64-linux.so)
==90263==    by 0x48AC0EC: xmalloc (in /usr/lib/x86_64-linux-gnu/libreadline.so.8.2)
==90263==    by 0x48874E1: rl_make_bare_keymap (in /usr/lib/x86_64-linux-gnu/libreadline.so.8.2)
==90263==    by 0x4888398: rl_generic_bind (in /usr/lib/x86_64-linux-gnu/libreadline.so.8.2)
==90263==    by 0x4893315: rl_bind_keyseq_if_unbound_in_map (in /usr/lib/x86_64-linux-gnu/libreadline.so.8.2)
==90263==    by 0x48A787E: ??? (in /usr/lib/x86_64-linux-gnu/libreadline.so.8.2)
==90263==    by 0x48A7E3C: _rl_init_terminal_io (in /usr/lib/x86_64-linux-gnu/libreadline.so.8.2)
==90263==    by 0x48935D7: rl_initialize (in /usr/lib/x86_64-linux-gnu/libreadline.so.8.2)
==90263==    by 0x4893896: readline (in /usr/lib/x86_64-linux-gnu/libreadline.so.8.2)
==90263==    by 0x11075A: reader (minishell.c:34)
==90263==    by 0x1109C0: main (minishell.c:130)
==90263== 
==90263== 4,112 bytes in 1 blocks are still reachable in loss record 60 of 77
==90263==    at 0x4846828: malloc (in /usr/libexec/valgrind/vgpreload_memcheck-amd64-linux.so)
==90263==    by 0x48AC0EC: xmalloc (in /usr/lib/x86_64-linux-gnu/libreadline.so.8.2)
==90263==    by 0x48874E1: rl_make_bare_keymap (in /usr/lib/x86_64-linux-gnu/libreadline.so.8.2)
==90263==    by 0x4888398: rl_generic_bind (in /usr/lib/x86_64-linux-gnu/libreadline.so.8.2)
==90263==    by 0x4893315: rl_bind_keyseq_if_unbound_in_map (in /usr/lib/x86_64-linux-gnu/libreadline.so.8.2)
==90263==    by 0x48A7891: ??? (in /usr/lib/x86_64-linux-gnu/libreadline.so.8.2)
==90263==    by 0x48A7E3C: _rl_init_terminal_io (in /usr/lib/x86_64-linux-gnu/libreadline.so.8.2)
==90263==    by 0x48935D7: rl_initialize (in /usr/lib/x86_64-linux-gnu/libreadline.so.8.2)
==90263==    by 0x4893896: readline (in /usr/lib/x86_64-linux-gnu/libreadline.so.8.2)
==90263==    by 0x11075A: reader (minishell.c:34)
==90263==    by 0x1109C0: main (minishell.c:130)
==90263== 
==90263== 4,112 bytes in 1 blocks are still reachable in loss record 61 of 77
==90263==    at 0x4846828: malloc (in /usr/libexec/valgrind/vgpreload_memcheck-amd64-linux.so)
==90263==    by 0x48AC0EC: xmalloc (in /usr/lib/x86_64-linux-gnu/libreadline.so.8.2)
==90263==    by 0x48874E1: rl_make_bare_keymap (in /usr/lib/x86_64-linux-gnu/libreadline.so.8.2)
==90263==    by 0x4888398: rl_generic_bind (in /usr/lib/x86_64-linux-gnu/libreadline.so.8.2)
==90263==    by 0x4893315: rl_bind_keyseq_if_unbound_in_map (in /usr/lib/x86_64-linux-gnu/libreadline.so.8.2)
==90263==    by 0x489350E: ??? (in /usr/lib/x86_64-linux-gnu/libreadline.so.8.2)
==90263==    by 0x489364C: rl_initialize (in /usr/lib/x86_64-linux-gnu/libreadline.so.8.2)
==90263==    by 0x4893896: readline (in /usr/lib/x86_64-linux-gnu/libreadline.so.8.2)
==90263==    by 0x11075A: reader (minishell.c:34)
==90263==    by 0x1109C0: main (minishell.c:130)
==90263== 
==90263== 4,112 bytes in 1 blocks are still reachable in loss record 62 of 77
==90263==    at 0x4846828: malloc (in /usr/libexec/valgrind/vgpreload_memcheck-amd64-linux.so)
==90263==    by 0x48AC0EC: xmalloc (in /usr/lib/x86_64-linux-gnu/libreadline.so.8.2)
==90263==    by 0x48874E1: rl_make_bare_keymap (in /usr/lib/x86_64-linux-gnu/libreadline.so.8.2)
==90263==    by 0x4888398: rl_generic_bind (in /usr/lib/x86_64-linux-gnu/libreadline.so.8.2)
==90263==    by 0x4893315: rl_bind_keyseq_if_unbound_in_map (in /usr/lib/x86_64-linux-gnu/libreadline.so.8.2)
==90263==    by 0x489350E: ??? (in /usr/lib/x86_64-linux-gnu/libreadline.so.8.2)
==90263==    by 0x489365B: rl_initialize (in /usr/lib/x86_64-linux-gnu/libreadline.so.8.2)
==90263==    by 0x4893896: readline (in /usr/lib/x86_64-linux-gnu/libreadline.so.8.2)
==90263==    by 0x11075A: reader (minishell.c:34)
==90263==    by 0x1109C0: main (minishell.c:130)
==90263== 
==90263== 4,112 bytes in 1 blocks are still reachable in loss record 63 of 77
==90263==    at 0x4846828: malloc (in /usr/libexec/valgrind/vgpreload_memcheck-amd64-linux.so)
==90263==    by 0x48AC0EC: xmalloc (in /usr/lib/x86_64-linux-gnu/libreadline.so.8.2)
==90263==    by 0x48874E1: rl_make_bare_keymap (in /usr/lib/x86_64-linux-gnu/libreadline.so.8.2)
==90263==    by 0x4888398: rl_generic_bind (in /usr/lib/x86_64-linux-gnu/libreadline.so.8.2)
==90263==    by 0x4893315: rl_bind_keyseq_if_unbound_in_map (in /usr/lib/x86_64-linux-gnu/libreadline.so.8.2)
==90263==    by 0x489350E: ??? (in /usr/lib/x86_64-linux-gnu/libreadline.so.8.2)
==90263==    by 0x489367C: rl_initialize (in /usr/lib/x86_64-linux-gnu/libreadline.so.8.2)
==90263==    by 0x4893896: readline (in /usr/lib/x86_64-linux-gnu/libreadline.so.8.2)
==90263==    by 0x11075A: reader (minishell.c:34)
==90263==    by 0x1109C0: main (minishell.c:130)
==90263== 
==90263== 7,952 bytes in 1 blocks are still reachable in loss record 64 of 77
==90263==    at 0x484D953: calloc (in /usr/libexec/valgrind/vgpreload_memcheck-amd64-linux.so)
==90263==    by 0x4AE5C77: ??? (in /usr/lib/x86_64-linux-gnu/libtinfo.so.6.4)
==90263==    by 0x4AE769D: _nc_find_type_entry (in /usr/lib/x86_64-linux-gnu/libtinfo.so.6.4)
==90263==    by 0x4AEA3C1: tgetstr_sp (in /usr/lib/x86_64-linux-gnu/libtinfo.so.6.4)
==90263==    by 0x48A7D22: _rl_init_terminal_io (in /usr/lib/x86_64-linux-gnu/libreadline.so.8.2)
==90263==    by 0x48935D7: rl_initialize (in /usr/lib/x86_64-linux-gnu/libreadline.so.8.2)
==90263==    by 0x4893896: readline (in /usr/lib/x86_64-linux-gnu/libreadline.so.8.2)
==90263==    by 0x11075A: reader (minishell.c:34)
==90263==    by 0x1109C0: main (minishell.c:130)
==90263== 
==90263== 8,224 bytes in 2 blocks are still reachable in loss record 65 of 77
==90263==    at 0x4846828: malloc (in /usr/libexec/valgrind/vgpreload_memcheck-amd64-linux.so)
==90263==    by 0x48AC0EC: xmalloc (in /usr/lib/x86_64-linux-gnu/libreadline.so.8.2)
==90263==    by 0x48874E1: rl_make_bare_keymap (in /usr/lib/x86_64-linux-gnu/libreadline.so.8.2)
==90263==    by 0x4888398: rl_generic_bind (in /usr/lib/x86_64-linux-gnu/libreadline.so.8.2)
==90263==    by 0x4893315: rl_bind_keyseq_if_unbound_in_map (in /usr/lib/x86_64-linux-gnu/libreadline.so.8.2)
==90263==    by 0x48A7858: ??? (in /usr/lib/x86_64-linux-gnu/libreadline.so.8.2)
==90263==    by 0x48A7E24: _rl_init_terminal_io (in /usr/lib/x86_64-linux-gnu/libreadline.so.8.2)
==90263==    by 0x48935D7: rl_initialize (in /usr/lib/x86_64-linux-gnu/libreadline.so.8.2)
==90263==    by 0x4893896: readline (in /usr/lib/x86_64-linux-gnu/libreadline.so.8.2)
==90263==    by 0x11075A: reader (minishell.c:34)
==90263==    by 0x1109C0: main (minishell.c:130)
==90263== 
==90263== 8,224 bytes in 2 blocks are still reachable in loss record 66 of 77
==90263==    at 0x4846828: malloc (in /usr/libexec/valgrind/vgpreload_memcheck-amd64-linux.so)
==90263==    by 0x48AC0EC: xmalloc (in /usr/lib/x86_64-linux-gnu/libreadline.so.8.2)
==90263==    by 0x48874E1: rl_make_bare_keymap (in /usr/lib/x86_64-linux-gnu/libreadline.so.8.2)
==90263==    by 0x4888398: rl_generic_bind (in /usr/lib/x86_64-linux-gnu/libreadline.so.8.2)
==90263==    by 0x4893315: rl_bind_keyseq_if_unbound_in_map (in /usr/lib/x86_64-linux-gnu/libreadline.so.8.2)
==90263==    by 0x48A77E6: ??? (in /usr/lib/x86_64-linux-gnu/libreadline.so.8.2)
==90263==    by 0x48A7E30: _rl_init_terminal_io (in /usr/lib/x86_64-linux-gnu/libreadline.so.8.2)
==90263==    by 0x48935D7: rl_initialize (in /usr/lib/x86_64-linux-gnu/libreadline.so.8.2)
==90263==    by 0x4893896: readline (in /usr/lib/x86_64-linux-gnu/libreadline.so.8.2)
==90263==    by 0x11075A: reader (minishell.c:34)
==90263==    by 0x1109C0: main (minishell.c:130)
==90263== 
==90263== 8,224 bytes in 2 blocks are still reachable in loss record 67 of 77
==90263==    at 0x4846828: malloc (in /usr/libexec/valgrind/vgpreload_memcheck-amd64-linux.so)
==90263==    by 0x48AC0EC: xmalloc (in /usr/lib/x86_64-linux-gnu/libreadline.so.8.2)
==90263==    by 0x48874E1: rl_make_bare_keymap (in /usr/lib/x86_64-linux-gnu/libreadline.so.8.2)
==90263==    by 0x4888398: rl_generic_bind (in /usr/lib/x86_64-linux-gnu/libreadline.so.8.2)
==90263==    by 0x4893315: rl_bind_keyseq_if_unbound_in_map (in /usr/lib/x86_64-linux-gnu/libreadline.so.8.2)
==90263==    by 0x48A7858: ??? (in /usr/lib/x86_64-linux-gnu/libreadline.so.8.2)
==90263==    by 0x48A7E30: _rl_init_terminal_io (in /usr/lib/x86_64-linux-gnu/libreadline.so.8.2)
==90263==    by 0x48935D7: rl_initialize (in /usr/lib/x86_64-linux-gnu/libreadline.so.8.2)
==90263==    by 0x4893896: readline (in /usr/lib/x86_64-linux-gnu/libreadline.so.8.2)
==90263==    by 0x11075A: reader (minishell.c:34)
==90263==    by 0x1109C0: main (minishell.c:130)
==90263== 
==90263== 8,224 bytes in 2 blocks are still reachable in loss record 68 of 77
==90263==    at 0x4846828: malloc (in /usr/libexec/valgrind/vgpreload_memcheck-amd64-linux.so)
==90263==    by 0x48AC0EC: xmalloc (in /usr/lib/x86_64-linux-gnu/libreadline.so.8.2)
==90263==    by 0x48874E1: rl_make_bare_keymap (in /usr/lib/x86_64-linux-gnu/libreadline.so.8.2)
==90263==    by 0x4888398: rl_generic_bind (in /usr/lib/x86_64-linux-gnu/libreadline.so.8.2)
==90263==    by 0x4893315: rl_bind_keyseq_if_unbound_in_map (in /usr/lib/x86_64-linux-gnu/libreadline.so.8.2)
==90263==    by 0x48A77E6: ??? (in /usr/lib/x86_64-linux-gnu/libreadline.so.8.2)
==90263==    by 0x48A7E3C: _rl_init_terminal_io (in /usr/lib/x86_64-linux-gnu/libreadline.so.8.2)
==90263==    by 0x48935D7: rl_initialize (in /usr/lib/x86_64-linux-gnu/libreadline.so.8.2)
==90263==    by 0x4893896: readline (in /usr/lib/x86_64-linux-gnu/libreadline.so.8.2)
==90263==    by 0x11075A: reader (minishell.c:34)
==90263==    by 0x1109C0: main (minishell.c:130)
==90263== 
==90263== 8,224 bytes in 2 blocks are still reachable in loss record 69 of 77
==90263==    at 0x4846828: malloc (in /usr/libexec/valgrind/vgpreload_memcheck-amd64-linux.so)
==90263==    by 0x48AC0EC: xmalloc (in /usr/lib/x86_64-linux-gnu/libreadline.so.8.2)
==90263==    by 0x48874E1: rl_make_bare_keymap (in /usr/lib/x86_64-linux-gnu/libreadline.so.8.2)
==90263==    by 0x4888398: rl_generic_bind (in /usr/lib/x86_64-linux-gnu/libreadline.so.8.2)
==90263==    by 0x4893315: rl_bind_keyseq_if_unbound_in_map (in /usr/lib/x86_64-linux-gnu/libreadline.so.8.2)
==90263==    by 0x48A7858: ??? (in /usr/lib/x86_64-linux-gnu/libreadline.so.8.2)
==90263==    by 0x48A7E3C: _rl_init_terminal_io (in /usr/lib/x86_64-linux-gnu/libreadline.so.8.2)
==90263==    by 0x48935D7: rl_initialize (in /usr/lib/x86_64-linux-gnu/libreadline.so.8.2)
==90263==    by 0x4893896: readline (in /usr/lib/x86_64-linux-gnu/libreadline.so.8.2)
==90263==    by 0x11075A: reader (minishell.c:34)
==90263==    by 0x1109C0: main (minishell.c:130)
==90263== 
==90263== 8,224 bytes in 2 blocks are still reachable in loss record 70 of 77
==90263==    at 0x4846828: malloc (in /usr/libexec/valgrind/vgpreload_memcheck-amd64-linux.so)
==90263==    by 0x48AC0EC: xmalloc (in /usr/lib/x86_64-linux-gnu/libreadline.so.8.2)
==90263==    by 0x48874E1: rl_make_bare_keymap (in /usr/lib/x86_64-linux-gnu/libreadline.so.8.2)
==90263==    by 0x4888398: rl_generic_bind (in /usr/lib/x86_64-linux-gnu/libreadline.so.8.2)
==90263==    by 0x4893315: rl_bind_keyseq_if_unbound_in_map (in /usr/lib/x86_64-linux-gnu/libreadline.so.8.2)
==90263==    by 0x48934FF: ??? (in /usr/lib/x86_64-linux-gnu/libreadline.so.8.2)
==90263==    by 0x489364C: rl_initialize (in /usr/lib/x86_64-linux-gnu/libreadline.so.8.2)
==90263==    by 0x4893896: readline (in /usr/lib/x86_64-linux-gnu/libreadline.so.8.2)
==90263==    by 0x11075A: reader (minishell.c:34)
==90263==    by 0x1109C0: main (minishell.c:130)
==90263== 
==90263== 8,224 bytes in 2 blocks are still reachable in loss record 71 of 77
==90263==    at 0x4846828: malloc (in /usr/libexec/valgrind/vgpreload_memcheck-amd64-linux.so)
==90263==    by 0x48AC0EC: xmalloc (in /usr/lib/x86_64-linux-gnu/libreadline.so.8.2)
==90263==    by 0x48874E1: rl_make_bare_keymap (in /usr/lib/x86_64-linux-gnu/libreadline.so.8.2)
==90263==    by 0x4888398: rl_generic_bind (in /usr/lib/x86_64-linux-gnu/libreadline.so.8.2)
==90263==    by 0x4893315: rl_bind_keyseq_if_unbound_in_map (in /usr/lib/x86_64-linux-gnu/libreadline.so.8.2)
==90263==    by 0x48934FF: ??? (in /usr/lib/x86_64-linux-gnu/libreadline.so.8.2)
==90263==    by 0x489365B: rl_initialize (in /usr/lib/x86_64-linux-gnu/libreadline.so.8.2)
==90263==    by 0x4893896: readline (in /usr/lib/x86_64-linux-gnu/libreadline.so.8.2)
==90263==    by 0x11075A: reader (minishell.c:34)
==90263==    by 0x1109C0: main (minishell.c:130)
==90263== 
==90263== 8,224 bytes in 2 blocks are still reachable in loss record 72 of 77
==90263==    at 0x4846828: malloc (in /usr/libexec/valgrind/vgpreload_memcheck-amd64-linux.so)
==90263==    by 0x48AC0EC: xmalloc (in /usr/lib/x86_64-linux-gnu/libreadline.so.8.2)
==90263==    by 0x48874E1: rl_make_bare_keymap (in /usr/lib/x86_64-linux-gnu/libreadline.so.8.2)
==90263==    by 0x4888398: rl_generic_bind (in /usr/lib/x86_64-linux-gnu/libreadline.so.8.2)
==90263==    by 0x4893315: rl_bind_keyseq_if_unbound_in_map (in /usr/lib/x86_64-linux-gnu/libreadline.so.8.2)
==90263==    by 0x48934FF: ??? (in /usr/lib/x86_64-linux-gnu/libreadline.so.8.2)
==90263==    by 0x489367C: rl_initialize (in /usr/lib/x86_64-linux-gnu/libreadline.so.8.2)
==90263==    by 0x4893896: readline (in /usr/lib/x86_64-linux-gnu/libreadline.so.8.2)
==90263==    by 0x11075A: reader (minishell.c:34)
==90263==    by 0x1109C0: main (minishell.c:130)
==90263== 
==90263== 8,224 bytes in 2 blocks are still reachable in loss record 73 of 77
==90263==    at 0x4846828: malloc (in /usr/libexec/valgrind/vgpreload_memcheck-amd64-linux.so)
==90263==    by 0x48AC0EC: xmalloc (in /usr/lib/x86_64-linux-gnu/libreadline.so.8.2)
==90263==    by 0x48874E1: rl_make_bare_keymap (in /usr/lib/x86_64-linux-gnu/libreadline.so.8.2)
==90263==    by 0x4888398: rl_generic_bind (in /usr/lib/x86_64-linux-gnu/libreadline.so.8.2)
==90263==    by 0x4893315: rl_bind_keyseq_if_unbound_in_map (in /usr/lib/x86_64-linux-gnu/libreadline.so.8.2)
==90263==    by 0x4893696: rl_initialize (in /usr/lib/x86_64-linux-gnu/libreadline.so.8.2)
==90263==    by 0x4893896: readline (in /usr/lib/x86_64-linux-gnu/libreadline.so.8.2)
==90263==    by 0x11075A: reader (minishell.c:34)
==90263==    by 0x1109C0: main (minishell.c:130)
==90263== 
==90263== 8,224 bytes in 2 blocks are still reachable in loss record 74 of 77
==90263==    at 0x4846828: malloc (in /usr/libexec/valgrind/vgpreload_memcheck-amd64-linux.so)
==90263==    by 0x48AC0EC: xmalloc (in /usr/lib/x86_64-linux-gnu/libreadline.so.8.2)
==90263==    by 0x48874E1: rl_make_bare_keymap (in /usr/lib/x86_64-linux-gnu/libreadline.so.8.2)
==90263==    by 0x4888398: rl_generic_bind (in /usr/lib/x86_64-linux-gnu/libreadline.so.8.2)
==90263==    by 0x4893315: rl_bind_keyseq_if_unbound_in_map (in /usr/lib/x86_64-linux-gnu/libreadline.so.8.2)
==90263==    by 0x48936AC: rl_initialize (in /usr/lib/x86_64-linux-gnu/libreadline.so.8.2)
==90263==    by 0x4893896: readline (in /usr/lib/x86_64-linux-gnu/libreadline.so.8.2)
==90263==    by 0x11075A: reader (minishell.c:34)
==90263==    by 0x1109C0: main (minishell.c:130)
==90263== 
==90263== 12,336 bytes in 3 blocks are still reachable in loss record 75 of 77
==90263==    at 0x4846828: malloc (in /usr/libexec/valgrind/vgpreload_memcheck-amd64-linux.so)
==90263==    by 0x48AC0EC: xmalloc (in /usr/lib/x86_64-linux-gnu/libreadline.so.8.2)
==90263==    by 0x48874E1: rl_make_bare_keymap (in /usr/lib/x86_64-linux-gnu/libreadline.so.8.2)
==90263==    by 0x4888398: rl_generic_bind (in /usr/lib/x86_64-linux-gnu/libreadline.so.8.2)
==90263==    by 0x4893315: rl_bind_keyseq_if_unbound_in_map (in /usr/lib/x86_64-linux-gnu/libreadline.so.8.2)
==90263==    by 0x48934D6: ??? (in /usr/lib/x86_64-linux-gnu/libreadline.so.8.2)
==90263==    by 0x489365B: rl_initialize (in /usr/lib/x86_64-linux-gnu/libreadline.so.8.2)
==90263==    by 0x4893896: readline (in /usr/lib/x86_64-linux-gnu/libreadline.so.8.2)
==90263==    by 0x11075A: reader (minishell.c:34)
==90263==    by 0x1109C0: main (minishell.c:130)
==90263== 
==90263== 12,336 bytes in 3 blocks are still reachable in loss record 76 of 77
==90263==    at 0x4846828: malloc (in /usr/libexec/valgrind/vgpreload_memcheck-amd64-linux.so)
==90263==    by 0x48AC0EC: xmalloc (in /usr/lib/x86_64-linux-gnu/libreadline.so.8.2)
==90263==    by 0x48874E1: rl_make_bare_keymap (in /usr/lib/x86_64-linux-gnu/libreadline.so.8.2)
==90263==    by 0x4888398: rl_generic_bind (in /usr/lib/x86_64-linux-gnu/libreadline.so.8.2)
==90263==    by 0x4893315: rl_bind_keyseq_if_unbound_in_map (in /usr/lib/x86_64-linux-gnu/libreadline.so.8.2)
==90263==    by 0x48934D6: ??? (in /usr/lib/x86_64-linux-gnu/libreadline.so.8.2)
==90263==    by 0x489367C: rl_initialize (in /usr/lib/x86_64-linux-gnu/libreadline.so.8.2)
==90263==    by 0x4893896: readline (in /usr/lib/x86_64-linux-gnu/libreadline.so.8.2)
==90263==    by 0x11075A: reader (minishell.c:34)
==90263==    by 0x1109C0: main (minishell.c:130)
==90263== 
==90263== 24,672 bytes in 6 blocks are still reachable in loss record 77 of 77
==90263==    at 0x4846828: malloc (in /usr/libexec/valgrind/vgpreload_memcheck-amd64-linux.so)
==90263==    by 0x48AC0EC: xmalloc (in /usr/lib/x86_64-linux-gnu/libreadline.so.8.2)
==90263==    by 0x48874E1: rl_make_bare_keymap (in /usr/lib/x86_64-linux-gnu/libreadline.so.8.2)
==90263==    by 0x4888398: rl_generic_bind (in /usr/lib/x86_64-linux-gnu/libreadline.so.8.2)
==90263==    by 0x48998A1: rl_parse_and_bind (in /usr/lib/x86_64-linux-gnu/libreadline.so.8.2)
==90263==    by 0x4899AAB: ??? (in /usr/lib/x86_64-linux-gnu/libreadline.so.8.2)
==90263==    by 0x4893600: rl_initialize (in /usr/lib/x86_64-linux-gnu/libreadline.so.8.2)
==90263==    by 0x4893896: readline (in /usr/lib/x86_64-linux-gnu/libreadline.so.8.2)
==90263==    by 0x11075A: reader (minishell.c:34)
==90263==    by 0x1109C0: main (minishell.c:130)
==90263== 
==90263== LEAK SUMMARY:
==90263==    definitely lost: 3,718 bytes in 59 blocks
==90263==    indirectly lost: 0 bytes in 0 blocks
==90263==      possibly lost: 0 bytes in 0 blocks
==90263==    still reachable: 232,815 bytes in 235 blocks
==90263==         suppressed: 0 bytes in 0 blocks
==90263== 
==90263== For lists of detected and suppressed errors, rerun with: -s
==90263== ERROR SUMMARY: 2 errors from 2 contexts (suppressed: 0 from 0)
